0 info it worked if it ends with ok
1 verbose cli [ '/usr/local/bin/node',
1 verbose cli   '/usr/local/bin/npm',
1 verbose cli   'install',
1 verbose cli   '--save',
1 verbose cli   '@ionic-native/' ]
2 info using npm@3.10.10
3 info using node@v6.11.2
4 verbose config Skipping project config: /Users/Ruerd/.npmrc. (matches userconfig)
5 silly loadCurrentTree Starting
6 silly install loadCurrentTree
7 silly install readLocalPackageData
8 silly fetchPackageMetaData @ionic-native/
9 silly fetchOtherPackageData @ionic-native/
10 silly cache add args [ '@ionic-native/', null ]
11 verbose cache add spec @ionic-native/
12 silly cache add parsed spec Result {
12 silly cache add   raw: '@ionic-native/',
12 silly cache add   scope: null,
12 silly cache add   escapedName: null,
12 silly cache add   name: null,
12 silly cache add   rawSpec: '@ionic-native/',
12 silly cache add   spec: '/Users/Ruerd/Desktop/CMD/NW5/IonicQR-scanner/@ionic-native',
12 silly cache add   type: 'local' }
13 error addLocal Could not install /Users/Ruerd/Desktop/CMD/NW5/IonicQR-scanner/@ionic-native
14 silly fetchPackageMetaData Error: ENOENT: no such file or directory, open '/Users/Ruerd/Desktop/CMD/NW5/IonicQR-scanner/@ionic-native'
14 silly fetchPackageMetaData     at Error (native)
14 silly fetchPackageMetaData  error for @ionic-native/ { Error: ENOENT: no such file or directory, open '/Users/Ruerd/Desktop/CMD/NW5/IonicQR-scanner/@ionic-native'
14 silly fetchPackageMetaData     at Error (native)
14 silly fetchPackageMetaData   errno: -2,
14 silly fetchPackageMetaData   code: 'ENOENT',
14 silly fetchPackageMetaData   syscall: 'open',
14 silly fetchPackageMetaData   path: '/Users/Ruerd/Desktop/CMD/NW5/IonicQR-scanner/@ionic-native' }
15 silly rollbackFailedOptional Starting
16 silly rollbackFailedOptional Finishing
17 silly runTopLevelLifecycles Finishing
18 silly install printInstalled
19 verbose stack Error: ENOENT: no such file or directory, open '/Users/Ruerd/Desktop/CMD/NW5/IonicQR-scanner/@ionic-native'
19 verbose stack     at Error (native)
20 verbose cwd /Users/Ruerd/Desktop/CMD/NW5/IonicQR-scanner
21 error Darwin 16.7.0
22 error argv "/usr/local/bin/node" "/usr/local/bin/npm" "install" "--save" "@ionic-native/"
23 error node v6.11.2
24 error npm  v3.10.10
25 error path /Users/Ruerd/Desktop/CMD/NW5/IonicQR-scanner/@ionic-native
26 error code ENOENT
27 error errno -2
28 error syscall open
29 error enoent ENOENT: no such file or directory, open '/Users/Ruerd/Desktop/CMD/NW5/IonicQR-scanner/@ionic-native'
30 error enoent ENOENT: no such file or directory, open '/Users/Ruerd/Desktop/CMD/NW5/IonicQR-scanner/@ionic-native'
30 error enoent This is most likely not a problem with npm itself
30 error enoent and is related to npm not being able to find a file.
31 verbose exit [ -2, true ]
